c:\users\ethanyu\source\repos\car_project\x64\debug\car_project.exe
c:\users\ethanyu\source\repos\car_project\x64\debug\car_project.pdb
c:\users\ethanyu\source\repos\car_project\car_project\x64\debug\car_project.ilk
c:\users\ethanyu\source\repos\car_project\car_project\x64\debug\car.obj
c:\users\ethanyu\source\repos\car_project\car_project\x64\debug\main.obj
c:\users\ethanyu\source\repos\car_project\car_project\x64\debug\planning_base.obj
c:\users\ethanyu\source\repos\car_project\car_project\x64\debug\pointer.obj
c:\users\ethanyu\source\repos\car_project\car_project\x64\debug\polynomial.obj
c:\users\ethanyu\source\repos\car_project\car_project\x64\debug\road.obj
c:\users\ethanyu\source\repos\car_project\car_project\x64\debug\scene_base.obj
c:\users\ethanyu\source\repos\car_project\car_project\x64\debug\scene_obs.obj
c:\users\ethanyu\source\repos\car_project\car_project\x64\debug\scene_straight.obj
c:\users\ethanyu\source\repos\car_project\car_project\x64\debug\traffic.obj
c:\users\ethanyu\source\repos\car_project\car_project\x64\debug\main.obj.enc
c:\users\ethanyu\source\repos\car_project\car_project\x64\debug\polynomial.obj.enc
c:\users\ethanyu\source\repos\car_project\car_project\x64\debug\vc143.idb
c:\users\ethanyu\source\repos\car_project\car_project\x64\debug\vc143.pdb
c:\users\ethanyu\source\repos\car_project\car_project\x64\debug\car_project.tlog\cl.command.1.tlog
c:\users\ethanyu\source\repos\car_project\car_project\x64\debug\car_project.tlog\cl.items.tlog
c:\users\ethanyu\source\repos\car_project\car_project\x64\debug\car_project.tlog\link.command.1.tlog
c:\users\ethanyu\source\repos\car_project\car_project\x64\debug\car_project.tlog\link.read.1.tlog
c:\users\ethanyu\source\repos\car_project\car_project\x64\debug\car_project.tlog\link.secondary.1.tlog
c:\users\ethanyu\source\repos\car_project\car_project\x64\debug\car_project.tlog\link.write.1.tlog
